{"D:\\javascript\\woowa-for-precourse\\5기\\javascript-bridge\\src\\App.js": {"path":"D:\\javascript\\woowa-for-precourse\\5기\\javascript-bridge\\src\\App.js","statementMap":{"0":{"start":{"line":1,"column":18},"end":{"line":1,"column":40}},"1":{"start":{"line":5,"column":4},"end":{"line":5,"column":31}},"2":{"start":{"line":9,"column":12},"end":{"line":9,"column":21}},"3":{"start":{"line":10,"column":0},"end":{"line":10,"column":11}},"4":{"start":{"line":12,"column":0},"end":{"line":12,"column":21}}},"fnMap":{"0":{"name":"(anonymous_0)","decl":{"start":{"line":4,"column":2},"end":{"line":4,"column":3}},"loc":{"start":{"line":4,"column":9},"end":{"line":6,"column":3}},"line":4}},"branchMap":{},"s":{"0":1,"1":3,"2":1,"3":1,"4":1},"f":{"0":3},"b":{},"_coverageSchema":"1a1c01bbd47fc00a2c39e90264f33305004495a9","hash":"046c67bfe0a85b790d372aad6062f451334c76e8"}
,"D:\\javascript\\woowa-for-precourse\\5기\\javascript-bridge\\src\\BridgeMaker.js": {"path":"D:\\javascript\\woowa-for-precourse\\5기\\javascript-bridge\\src\\BridgeMaker.js","statementMap":{"0":{"start":{"line":4,"column":20},"end":{"line":27,"column":1}},"1":{"start":{"line":12,"column":18},"end":{"line":12,"column":30}},"2":{"start":{"line":13,"column":21},"end":{"line":13,"column":23}},"3":{"start":{"line":14,"column":20},"end":{"line":14,"column":22}},"4":{"start":{"line":16,"column":4},"end":{"line":20,"column":5}},"5":{"start":{"line":16,"column":17},"end":{"line":16,"column":18}},"6":{"start":{"line":17,"column":21},"end":{"line":17,"column":43}},"7":{"start":{"line":18,"column":6},"end":{"line":18,"column":45}},"8":{"start":{"line":19,"column":6},"end":{"line":19,"column":48}},"9":{"start":{"line":22,"column":4},"end":{"line":22,"column":24}},"10":{"start":{"line":23,"column":4},"end":{"line":23,"column":27}},"11":{"start":{"line":25,"column":4},"end":{"line":25,"column":17}},"12":{"start":{"line":29,"column":0},"end":{"line":29,"column":29}}},"fnMap":{"0":{"name":"(anonymous_0)","decl":{"start":{"line":11,"column":2},"end":{"line":11,"column":3}},"loc":{"start":{"line":11,"column":41},"end":{"line":26,"column":3}},"line":11}},"branchMap":{"0":{"loc":{"start":{"line":18,"column":20},"end":{"line":18,"column":43}},"type":"cond-expr","locations":[{"start":{"line":18,"column":34},"end":{"line":18,"column":37}},{"start":{"line":18,"column":40},"end":{"line":18,"column":43}}],"line":18},"1":{"loc":{"start":{"line":19,"column":23},"end":{"line":19,"column":46}},"type":"cond-expr","locations":[{"start":{"line":19,"column":37},"end":{"line":19,"column":40}},{"start":{"line":19,"column":43},"end":{"line":19,"column":46}}],"line":19}},"s":{"0":1,"1":2,"2":2,"3":2,"4":2,"5":2,"6":6,"7":6,"8":6,"9":2,"10":2,"11":2,"12":1},"f":{"0":2},"b":{"0":[3,3],"1":[3,3]},"_coverageSchema":"1a1c01bbd47fc00a2c39e90264f33305004495a9","hash":"045104e6132024dba8505bc6467e38ed782a7abf"}
,"D:\\javascript\\woowa-for-precourse\\5기\\javascript-bridge\\src\\BridgeRandomNumberGenerator.js": {"path":"D:\\javascript\\woowa-for-precourse\\5기\\javascript-bridge\\src\\BridgeRandomNumberGenerator.js","statementMap":{"0":{"start":{"line":1,"column":21},"end":{"line":1,"column":58}},"1":{"start":{"line":3,"column":36},"end":{"line":12,"column":1}},"2":{"start":{"line":7,"column":4},"end":{"line":10,"column":6}},"3":{"start":{"line":14,"column":0},"end":{"line":14,"column":45}}},"fnMap":{"0":{"name":"(anonymous_0)","decl":{"start":{"line":6,"column":2},"end":{"line":6,"column":3}},"loc":{"start":{"line":6,"column":13},"end":{"line":11,"column":3}},"line":6}},"branchMap":{},"s":{"0":1,"1":1,"2":3,"3":1},"f":{"0":3},"b":{},"_coverageSchema":"1a1c01bbd47fc00a2c39e90264f33305004495a9","hash":"b570aef7ad08cdd34d86748b05f25aba2f80700d"}
,"D:\\javascript\\woowa-for-precourse\\5기\\javascript-bridge\\src\\InputView.js": {"path":"D:\\javascript\\woowa-for-precourse\\5기\\javascript-bridge\\src\\InputView.js","statementMap":{"0":{"start":{"line":1,"column":21},"end":{"line":1,"column":39}},"1":{"start":{"line":2,"column":20},"end":{"line":2,"column":44}},"2":{"start":{"line":3,"column":54},"end":{"line":3,"column":77}},"3":{"start":{"line":4,"column":21},"end":{"line":4,"column":61}},"4":{"start":{"line":9,"column":18},"end":{"line":34,"column":1}},"5":{"start":{"line":14,"column":4},"end":{"line":20,"column":7}},"6":{"start":{"line":15,"column":19},"end":{"line":15,"column":32}},"7":{"start":{"line":16,"column":6},"end":{"line":16,"column":33}},"8":{"start":{"line":17,"column":6},"end":{"line":17,"column":46}},"9":{"start":{"line":18,"column":6},"end":{"line":18,"column":66}},"10":{"start":{"line":27,"column":4},"end":{"line":27,"column":31}},"11":{"start":{"line":36,"column":0},"end":{"line":36,"column":27}}},"fnMap":{"0":{"name":"(anonymous_0)","decl":{"start":{"line":13,"column":2},"end":{"line":13,"column":3}},"loc":{"start":{"line":13,"column":19},"end":{"line":21,"column":3}},"line":13},"1":{"name":"(anonymous_1)","decl":{"start":{"line":14,"column":34},"end":{"line":14,"column":35}},"loc":{"start":{"line":14,"column":43},"end":{"line":20,"column":5}},"line":14},"2":{"name":"(anonymous_2)","decl":{"start":{"line":26,"column":2},"end":{"line":26,"column":3}},"loc":{"start":{"line":26,"column":20},"end":{"line":28,"column":3}},"line":26},"3":{"name":"(anonymous_3)","decl":{"start":{"line":33,"column":2},"end":{"line":33,"column":3}},"loc":{"start":{"line":33,"column":20},"end":{"line":33,"column":22}},"line":33}},"branchMap":{},"s":{"0":1,"1":1,"2":1,"3":1,"4":1,"5":3,"6":2,"7":2,"8":1,"9":1,"10":1,"11":1},"f":{"0":3,"1":2,"2":1,"3":0},"b":{},"_coverageSchema":"1a1c01bbd47fc00a2c39e90264f33305004495a9","hash":"d0493b71e1162d05eddf2a3b7d505f522b40637c"}
,"D:\\javascript\\woowa-for-precourse\\5기\\javascript-bridge\\src\\Utils.js": {"path":"D:\\javascript\\woowa-for-precourse\\5기\\javascript-bridge\\src\\Utils.js","statementMap":{"0":{"start":{"line":1,"column":21},"end":{"line":1,"column":58}},"1":{"start":{"line":3,"column":14},"end":{"line":15,"column":1}},"2":{"start":{"line":5,"column":4},"end":{"line":5,"column":40}},"3":{"start":{"line":9,"column":4},"end":{"line":9,"column":51}},"4":{"start":{"line":13,"column":4},"end":{"line":13,"column":33}},"5":{"start":{"line":17,"column":0},"end":{"line":17,"column":23}}},"fnMap":{"0":{"name":"(anonymous_0)","decl":{"start":{"line":4,"column":2},"end":{"line":4,"column":3}},"loc":{"start":{"line":4,"column":17},"end":{"line":6,"column":3}},"line":4},"1":{"name":"(anonymous_1)","decl":{"start":{"line":8,"column":2},"end":{"line":8,"column":3}},"loc":{"start":{"line":8,"column":28},"end":{"line":10,"column":3}},"line":8},"2":{"name":"(anonymous_2)","decl":{"start":{"line":12,"column":2},"end":{"line":12,"column":3}},"loc":{"start":{"line":12,"column":10},"end":{"line":14,"column":3}},"line":12}},"branchMap":{},"s":{"0":1,"1":1,"2":0,"3":4,"4":0,"5":1},"f":{"0":0,"1":4,"2":0},"b":{},"_coverageSchema":"1a1c01bbd47fc00a2c39e90264f33305004495a9","hash":"f6f8f13644a44b9c7856fc41c95869626878e00d"}
,"D:\\javascript\\woowa-for-precourse\\5기\\javascript-bridge\\src\\Validation.js": {"path":"D:\\javascript\\woowa-for-precourse\\5기\\javascript-bridge\\src\\Validation.js","statementMap":{"0":{"start":{"line":1,"column":15},"end":{"line":1,"column":24}},"1":{"start":{"line":3,"column":29},"end":{"line":8,"column":1}},"2":{"start":{"line":4,"column":2},"end":{"line":5,"column":57}},"3":{"start":{"line":5,"column":4},"end":{"line":5,"column":57}},"4":{"start":{"line":6,"column":2},"end":{"line":7,"column":59}},"5":{"start":{"line":7,"column":4},"end":{"line":7,"column":59}},"6":{"start":{"line":10,"column":28},"end":{"line":16,"column":1}},"7":{"start":{"line":11,"column":2},"end":{"line":12,"column":67}},"8":{"start":{"line":12,"column":4},"end":{"line":12,"column":67}},"9":{"start":{"line":14,"column":2},"end":{"line":15,"column":71}},"10":{"start":{"line":15,"column":4},"end":{"line":15,"column":71}},"11":{"start":{"line":18,"column":0},"end":{"line":21,"column":2}}},"fnMap":{"0":{"name":"(anonymous_0)","decl":{"start":{"line":3,"column":29},"end":{"line":3,"column":30}},"loc":{"start":{"line":3,"column":42},"end":{"line":8,"column":1}},"line":3},"1":{"name":"(anonymous_1)","decl":{"start":{"line":10,"column":28},"end":{"line":10,"column":29}},"loc":{"start":{"line":10,"column":41},"end":{"line":16,"column":1}},"line":10}},"branchMap":{"0":{"loc":{"start":{"line":4,"column":2},"end":{"line":5,"column":57}},"type":"if","locations":[{"start":{"line":4,"column":2},"end":{"line":5,"column":57}},{"start":{},"end":{}}],"line":4},"1":{"loc":{"start":{"line":6,"column":2},"end":{"line":7,"column":59}},"type":"if","locations":[{"start":{"line":6,"column":2},"end":{"line":7,"column":59}},{"start":{},"end":{}}],"line":6},"2":{"loc":{"start":{"line":6,"column":6},"end":{"line":6,"column":37}},"type":"binary-expr","locations":[{"start":{"line":6,"column":6},"end":{"line":6,"column":19}},{"start":{"line":6,"column":23},"end":{"line":6,"column":37}}],"line":6},"3":{"loc":{"start":{"line":11,"column":2},"end":{"line":12,"column":67}},"type":"if","locations":[{"start":{"line":11,"column":2},"end":{"line":12,"column":67}},{"start":{},"end":{}}],"line":11},"4":{"loc":{"start":{"line":14,"column":2},"end":{"line":15,"column":71}},"type":"if","locations":[{"start":{"line":14,"column":2},"end":{"line":15,"column":71}},{"start":{},"end":{}}],"line":14},"5":{"loc":{"start":{"line":14,"column":6},"end":{"line":14,"column":42}},"type":"binary-expr","locations":[{"start":{"line":14,"column":6},"end":{"line":14,"column":22}},{"start":{"line":14,"column":26},"end":{"line":14,"column":42}}],"line":14}},"s":{"0":2,"1":2,"2":3,"3":1,"4":2,"5":1,"6":2,"7":3,"8":0,"9":3,"10":3,"11":2},"f":{"0":3,"1":3},"b":{"0":[1,2],"1":[1,1],"2":[2,1],"3":[0,3],"4":[3,0],"5":[3,1]},"_coverageSchema":"1a1c01bbd47fc00a2c39e90264f33305004495a9","hash":"cebb4febd550d3bf3de7f14fb6d48ec25ff1833b"}
}
